# JRE version: Java(TM) SE Runtime Environment (17.0.12+8) (build 17.0.12+8-LTS-286)
# Java VM: Java HotSpot(TM) 64-Bit Server VM (17.0.12+8-LTS-286, mixed mode, sharing, tiered, compressed oops, compressed class ptrs, g1 gc, windows-amd64)
GC Precious Log:
 CPUs: 20 total, 20 available
 Memory: 32285M
 Large Page Support: Disabled
 NUMA Support: Disabled
 Compressed Oops: Enabled (Zero based)
 Heap Region Size: 4M
 Heap Min Capacity: 8M
 Heap Initial Capacity: 508M
 Heap Max Capacity: 8072M
 Pre-touch: Disabled
 Parallel Workers: 15
 Concurrent Workers: 4
 Concurrent Refinement Workers: 15
 Periodic GC: Disabled
Heap:
 garbage-first heap   total 458752K, used 115603K [0x0000000607800000, 0x0000000800000000)
  region size 4096K, 5 young (20480K), 1 survivors (4096K)
 Metaspace       used 36616K, committed 37248K, reserved 1114112K
  class space    used 3996K, committed 4288K, reserved 1048576K
GC Heap History (20 events):
Event: 5.921 GC heap after
{Heap after GC invocations=14 (full 0):
 garbage-first heap   total 245760K, used 80321K [0x0000000607800000, 0x0000000800000000)
  region size 4096K, 1 young (4096K), 1 survivors (4096K)
 Metaspace       used 33616K, committed 33984K, reserved 1114112K
  class space    used 3773K, committed 3968K, reserved 1048576K
}
Event: 6.136 GC heap before
{Heap before GC invocations=14 (full 0):
 garbage-first heap   total 245760K, used 158145K [0x0000000607800000, 0x0000000800000000)
  region size 4096K, 20 young (81920K), 1 survivors (4096K)
 Metaspace       used 34022K, committed 34432K, reserved 1114112K
  class space    used 3791K, committed 3968K, reserved 1048576K
}
Event: 6.138 GC heap after
{Heap after GC invocations=15 (full 0):
 garbage-first heap   total 245760K, used 80031K [0x0000000607800000, 0x0000000800000000)
  region size 4096K, 1 young (4096K), 1 survivors (4096K)
 Metaspace       used 34022K, committed 34432K, reserved 1114112K
  class space    used 3791K, committed 3968K, reserved 1048576K
}
Event: 7.112 GC heap before
{Heap before GC invocations=15 (full 0):
 garbage-first heap   total 245760K, used 157855K [0x0000000607800000, 0x0000000800000000)
  region size 4096K, 21 young (86016K), 1 survivors (4096K)
 Metaspace       used 36456K, committed 36864K, reserved 1114112K
  class space    used 4025K, committed 4224K, reserved 1048576K
}
Event: 7.118 GC heap after
{Heap after GC invocations=16 (full 0):
 garbage-first heap   total 245760K, used 78899K [0x0000000607800000, 0x0000000800000000)
  region size 4096K, 2 young (8192K), 2 survivors (8192K)
 Metaspace       used 36456K, committed 36864K, reserved 1114112K
  class space    used 4025K, committed 4224K, reserved 1048576K
}
Event: 7.785 GC heap before
{Heap before GC invocations=16 (full 0):
 garbage-first heap   total 245760K, used 173107K [0x0000000607800000, 0x0000000800000000)
  region size 4096K, 24 young (98304K), 2 survivors (8192K)
 Metaspace       used 36662K, committed 37120K, reserved 1114112K
  class space    used 4029K, committed 4224K, reserved 1048576K
}
Event: 7.795 GC heap after
{Heap after GC invocations=17 (full 0):
 garbage-first heap   total 245760K, used 118546K [0x0000000607800000, 0x0000000800000000)
  region size 4096K, 3 young (12288K), 3 survivors (12288K)
 Metaspace       used 36662K, committed 37120K, reserved 1114112K
  class space    used 4029K, committed 4224K, reserved 1048576K
}
Event: 8.077 GC heap before
{Heap before GC invocations=17 (full 0):
 garbage-first heap   total 245760K, used 175890K [0x0000000607800000, 0x0000000800000000)
  region size 4096K, 17 young (69632K), 3 survivors (12288K)
 Metaspace       used 36721K, committed 37184K, reserved 1114112K
  class space    used 4029K, committed 4224K, reserved 1048576K
}
Event: 8.086 GC heap after
{Heap after GC invocations=18 (full 0):
 garbage-first heap   total 245760K, used 132687K [0x0000000607800000, 0x0000000800000000)
  region size 4096K, 3 young (12288K), 3 survivors (12288K)
 Metaspace       used 36721K, committed 37184K, reserved 1114112K
  class space    used 4029K, committed 4224K, reserved 1048576K
}
Event: 8.449 GC heap before
{Heap before GC invocations=18 (full 0):
 garbage-first heap   total 245760K, used 173647K [0x0000000607800000, 0x0000000800000000)
  region size 4096K, 14 young (57344K), 3 survivors (12288K)
 Metaspace       used 38138K, committed 38528K, reserved 1114112K
  class space    used 4190K, committed 4352K, reserved 1048576K
}
Event: 8.453 GC heap after
{Heap after GC invocations=19 (full 0):
 garbage-first heap   total 245760K, used 136848K [0x0000000607800000, 0x0000000800000000)
  region size 4096K, 1 young (4096K), 1 survivors (4096K)
 Metaspace       used 38138K, committed 38528K, reserved 1114112K
  class space    used 4190K, committed 4352K, reserved 1048576K
}
Event: 8.618 GC heap before
{Heap before GC invocations=20 (full 0):
 garbage-first heap   total 245760K, used 186000K [0x0000000607800000, 0x0000000800000000)
  region size 4096K, 13 young (53248K), 1 survivors (4096K)
 Metaspace       used 36266K, committed 37248K, reserved 1114112K
  class space    used 3971K, committed 4288K, reserved 1048576K
}
Event: 8.620 GC heap after
{Heap after GC invocations=21 (full 0):
 garbage-first heap   total 294912K, used 136296K [0x0000000607800000, 0x0000000800000000)
  region size 4096K, 1 young (4096K), 1 survivors (4096K)
 Metaspace       used 36266K, committed 37248K, reserved 1114112K
  class space    used 3971K, committed 4288K, reserved 1048576K
}
Event: 8.641 GC heap before
{Heap before GC invocations=21 (full 0):
 garbage-first heap   total 294912K, used 144488K [0x0000000607800000, 0x0000000800000000)
  region size 4096K, 3 young (12288K), 1 survivors (4096K)
 Metaspace       used 36322K, committed 37248K, reserved 1114112K
  class space    used 3982K, committed 4288K, reserved 1048576K
}
Event: 8.644 GC heap after
{Heap after GC invocations=22 (full 0):
 garbage-first heap   total 294912K, used 107638K [0x0000000607800000, 0x0000000800000000)
  region size 4096K, 1 young (4096K), 1 survivors (4096K)
 Metaspace       used 36322K, committed 37248K, reserved 1114112K
  class space    used 3982K, committed 4288K, reserved 1048576K
}
Event: 8.657 GC heap before
{Heap before GC invocations=22 (full 0):
 garbage-first heap   total 294912K, used 115830K [0x0000000607800000, 0x0000000800000000)
  region size 4096K, 3 young (12288K), 1 survivors (4096K)
 Metaspace       used 36329K, committed 37248K, reserved 1114112K
  class space    used 3983K, committed 4288K, reserved 1048576K
}
Event: 8.658 GC heap after
{Heap after GC invocations=23 (full 0):
 garbage-first heap   total 294912K, used 98473K [0x0000000607800000, 0x0000000800000000)
  region size 4096K, 1 young (4096K), 1 survivors (4096K)
 Metaspace       used 36329K, committed 37248K, reserved 1114112K
  class space    used 3983K, committed 4288K, reserved 1048576K
}
Event: 8.809 GC heap before
{Heap before GC invocations=23 (full 0):
 garbage-first heap   total 294912K, used 204969K [0x0000000607800000, 0x0000000800000000)
  region size 4096K, 27 young (110592K), 1 survivors (4096K)
 Metaspace       used 36537K, committed 37248K, reserved 1114112K
  class space    used 3996K, committed 4288K, reserved 1048576K
}
Event: 8.811 GC heap after
{Heap after GC invocations=24 (full 0):
 garbage-first heap   total 294912K, used 100196K [0x0000000607800000, 0x0000000800000000)
  region size 4096K, 1 young (4096K), 1 survivors (4096K)
 Metaspace       used 36537K, committed 37248K, reserved 1114112K
  class space    used 3996K, committed 4288K, reserved 1048576K
}
Event: 8.891 GC heap before
{Heap before GC invocations=24 (full 0):
 garbage-first heap   total 294912K, used 214884K [0x0000000607800000, 0x0000000800000000)
  region size 4096K, 29 young (118784K), 1 survivors (4096K)
 Metaspace       used 36614K, committed 37248K, reserved 1114112K
  class space    used 3996K, committed 4288K, reserved 1048576K
}

