# JRE version: Java(TM) SE Runtime Environment (17.0.12+8) (build 17.0.12+8-LTS-286)
# Java VM: Java HotSpot(TM) 64-Bit Server VM (17.0.12+8-LTS-286, mixed mode, sharing, tiered, compressed oops, compressed class ptrs, g1 gc, windows-amd64)
GC Precious Log:
 CPUs: 20 total, 20 available
 Memory: 32285M
 Large Page Support: Disabled
 NUMA Support: Disabled
 Compressed Oops: Enabled (Zero based)
 Heap Region Size: 4M
 Heap Min Capacity: 8M
 Heap Initial Capacity: 508M
 Heap Max Capacity: 8072M
 Pre-touch: Disabled
 Parallel Workers: 15
 Concurrent Workers: 4
 Concurrent Refinement Workers: 15
 Periodic GC: Disabled
Heap:
 garbage-first heap   total 331776K, used 147678K [0x0000000607800000, 0x0000000800000000)
  region size 4096K, 2 young (8192K), 2 survivors (8192K)
 Metaspace       used 45861K, committed 46336K, reserved 1114112K
  class space    used 5134K, committed 5376K, reserved 1048576K
GC Heap History (20 events):
Event: 4.942 GC heap after
{Heap after GC invocations=15 (full 0):
 garbage-first heap   total 192512K, used 76705K [0x0000000607800000, 0x0000000800000000)
  region size 4096K, 1 young (4096K), 1 survivors (4096K)
 Metaspace       used 37141K, committed 37504K, reserved 1114112K
  class space    used 4278K, committed 4416K, reserved 1048576K
}
Event: 5.397 GC heap before
{Heap before GC invocations=15 (full 0):
 garbage-first heap   total 192512K, used 113569K [0x0000000607800000, 0x0000000800000000)
  region size 4096K, 11 young (45056K), 1 survivors (4096K)
 Metaspace       used 39148K, committed 39488K, reserved 1114112K
  class space    used 4487K, committed 4672K, reserved 1048576K
}
Event: 5.401 GC heap after
{Heap after GC invocations=16 (full 0):
 garbage-first heap   total 274432K, used 79962K [0x0000000607800000, 0x0000000800000000)
  region size 4096K, 2 young (8192K), 2 survivors (8192K)
 Metaspace       used 39148K, committed 39488K, reserved 1114112K
  class space    used 4487K, committed 4672K, reserved 1048576K
}
Event: 5.703 GC heap before
{Heap before GC invocations=16 (full 0):
 garbage-first heap   total 274432K, used 157786K [0x0000000607800000, 0x0000000800000000)
  region size 4096K, 21 young (86016K), 2 survivors (8192K)
 Metaspace       used 40199K, committed 40640K, reserved 1114112K
  class space    used 4594K, committed 4800K, reserved 1048576K
}
Event: 5.707 GC heap after
{Heap after GC invocations=17 (full 0):
 garbage-first heap   total 274432K, used 81307K [0x0000000607800000, 0x0000000800000000)
  region size 4096K, 2 young (8192K), 2 survivors (8192K)
 Metaspace       used 40199K, committed 40640K, reserved 1114112K
  class space    used 4594K, committed 4800K, reserved 1048576K
}
Event: 5.912 GC heap before
{Heap before GC invocations=17 (full 0):
 garbage-first heap   total 274432K, used 171419K [0x0000000607800000, 0x0000000800000000)
  region size 4096K, 24 young (98304K), 2 survivors (8192K)
 Metaspace       used 40469K, committed 40896K, reserved 1114112K
  class space    used 4597K, committed 4800K, reserved 1048576K
}
Event: 5.916 GC heap after
{Heap after GC invocations=18 (full 0):
 garbage-first heap   total 274432K, used 82404K [0x0000000607800000, 0x0000000800000000)
  region size 4096K, 2 young (8192K), 2 survivors (8192K)
 Metaspace       used 40469K, committed 40896K, reserved 1114112K
  class space    used 4597K, committed 4800K, reserved 1048576K
}
Event: 7.290 GC heap before
{Heap before GC invocations=18 (full 0):
 garbage-first heap   total 274432K, used 192996K [0x0000000607800000, 0x0000000800000000)
  region size 4096K, 29 young (118784K), 2 survivors (8192K)
 Metaspace       used 43687K, committed 44096K, reserved 1114112K
  class space    used 4921K, committed 5120K, reserved 1048576K
}
Event: 7.295 GC heap after
{Heap after GC invocations=19 (full 0):
 garbage-first heap   total 274432K, used 86785K [0x0000000607800000, 0x0000000800000000)
  region size 4096K, 4 young (16384K), 4 survivors (16384K)
 Metaspace       used 43687K, committed 44096K, reserved 1114112K
  class space    used 4921K, committed 5120K, reserved 1048576K
}
Event: 7.803 GC heap before
{Heap before GC invocations=19 (full 0):
 garbage-first heap   total 274432K, used 197377K [0x0000000607800000, 0x0000000800000000)
  region size 4096K, 30 young (122880K), 4 survivors (16384K)
 Metaspace       used 43849K, committed 44288K, reserved 1114112K
  class space    used 4922K, committed 5120K, reserved 1048576K
}
Event: 7.814 GC heap after
{Heap after GC invocations=20 (full 0):
 garbage-first heap   total 274432K, used 131115K [0x0000000607800000, 0x0000000800000000)
  region size 4096K, 4 young (16384K), 4 survivors (16384K)
 Metaspace       used 43849K, committed 44288K, reserved 1114112K
  class space    used 4922K, committed 5120K, reserved 1048576K
}
Event: 8.245 GC heap before
{Heap before GC invocations=20 (full 0):
 garbage-first heap   total 274432K, used 192555K [0x0000000607800000, 0x0000000800000000)
  region size 4096K, 20 young (81920K), 4 survivors (16384K)
 Metaspace       used 45285K, committed 45760K, reserved 1114112K
  class space    used 5084K, committed 5312K, reserved 1048576K
}
Event: 8.251 GC heap after
{Heap after GC invocations=21 (full 0):
 garbage-first heap   total 331776K, used 141124K [0x0000000607800000, 0x0000000800000000)
  region size 4096K, 2 young (8192K), 2 survivors (8192K)
 Metaspace       used 45285K, committed 45760K, reserved 1114112K
  class space    used 5084K, committed 5312K, reserved 1048576K
}
Event: 8.509 GC heap before
{Heap before GC invocations=21 (full 0):
 garbage-first heap   total 331776K, used 239428K [0x0000000607800000, 0x0000000800000000)
  region size 4096K, 26 young (106496K), 2 survivors (8192K)
 Metaspace       used 45624K, committed 46144K, reserved 1114112K
  class space    used 5124K, committed 5376K, reserved 1048576K
}
Event: 8.513 GC heap after
{Heap after GC invocations=22 (full 0):
 garbage-first heap   total 331776K, used 141165K [0x0000000607800000, 0x0000000800000000)
  region size 4096K, 2 young (8192K), 2 survivors (8192K)
 Metaspace       used 45624K, committed 46144K, reserved 1114112K
  class space    used 5124K, committed 5376K, reserved 1048576K
}
Event: 8.615 GC heap before
{Heap before GC invocations=22 (full 0):
 garbage-first heap   total 331776K, used 243565K [0x0000000607800000, 0x0000000800000000)
  region size 4096K, 27 young (110592K), 2 survivors (8192K)
 Metaspace       used 45780K, committed 46272K, reserved 1114112K
  class space    used 5131K, committed 5376K, reserved 1048576K
}
Event: 8.618 GC heap after
{Heap after GC invocations=23 (full 0):
 garbage-first heap   total 331776K, used 143086K [0x0000000607800000, 0x0000000800000000)
  region size 4096K, 3 young (12288K), 3 survivors (12288K)
 Metaspace       used 45780K, committed 46272K, reserved 1114112K
  class space    used 5131K, committed 5376K, reserved 1048576K
}
Event: 8.689 GC heap before
{Heap before GC invocations=23 (full 0):
 garbage-first heap   total 331776K, used 249582K [0x0000000607800000, 0x0000000800000000)
  region size 4096K, 29 young (118784K), 3 survivors (12288K)
 Metaspace       used 45857K, committed 46336K, reserved 1114112K
  class space    used 5134K, committed 5376K, reserved 1048576K
}
Event: 8.693 GC heap after
{Heap after GC invocations=24 (full 0):
 garbage-first heap   total 331776K, used 145336K [0x0000000607800000, 0x0000000800000000)
  region size 4096K, 2 young (8192K), 2 survivors (8192K)
 Metaspace       used 45857K, committed 46336K, reserved 1114112K
  class space    used 5134K, committed 5376K, reserved 1048576K
}
Event: 8.767 GC heap before
{Heap before GC invocations=24 (full 0):
 garbage-first heap   total 331776K, used 255928K [0x0000000607800000, 0x0000000800000000)
  region size 4096K, 29 young (118784K), 2 survivors (8192K)
 Metaspace       used 45861K, committed 46336K, reserved 1114112K
  class space    used 5134K, committed 5376K, reserved 1048576K
}

