# JRE version: Java(TM) SE Runtime Environment (17.0.12+8) (build 17.0.12+8-LTS-286)
# Java VM: Java HotSpot(TM) 64-Bit Server VM (17.0.12+8-LTS-286, mixed mode, sharing, tiered, compressed oops, compressed class ptrs, g1 gc, windows-amd64)
GC Precious Log:
 CPUs: 20 total, 20 available
 Memory: 32285M
 Large Page Support: Disabled
 NUMA Support: Disabled
 Compressed Oops: Enabled (Zero based)
 Heap Region Size: 4M
 Heap Min Capacity: 8M
 Heap Initial Capacity: 508M
 Heap Max Capacity: 8072M
 Pre-touch: Disabled
 Parallel Workers: 15
 Concurrent Workers: 4
 Concurrent Refinement Workers: 15
 Periodic GC: Disabled
Heap:
 garbage-first heap   total 548864K, used 123027K [0x0000000607800000, 0x0000000800000000)
  region size 4096K, 7 young (28672K), 7 survivors (28672K)
 Metaspace       used 36379K, committed 37376K, reserved 1114112K
  class space    used 3995K, committed 4352K, reserved 1048576K
GC Heap History (20 events):
Event: 6.670 GC heap after
{Heap after GC invocations=15 (full 0):
 garbage-first heap   total 274432K, used 113032K [0x0000000607800000, 0x0000000800000000)
  region size 4096K, 4 young (16384K), 4 survivors (16384K)
 Metaspace       used 36314K, committed 36800K, reserved 1114112K
  class space    used 4019K, committed 4224K, reserved 1048576K
}
Event: 6.995 GC heap before
{Heap before GC invocations=15 (full 0):
 garbage-first heap   total 274432K, used 190856K [0x0000000607800000, 0x0000000800000000)
  region size 4096K, 23 young (94208K), 4 survivors (16384K)
 Metaspace       used 36380K, committed 36864K, reserved 1114112K
  class space    used 4020K, committed 4224K, reserved 1048576K
}
Event: 7.006 GC heap after
{Heap after GC invocations=16 (full 0):
 garbage-first heap   total 274432K, used 131482K [0x0000000607800000, 0x0000000800000000)
  region size 4096K, 3 young (12288K), 3 survivors (12288K)
 Metaspace       used 36380K, committed 36864K, reserved 1114112K
  class space    used 4020K, committed 4224K, reserved 1048576K
}
Event: 7.428 GC heap before
{Heap before GC invocations=16 (full 0):
 garbage-first heap   total 274432K, used 192922K [0x0000000607800000, 0x0000000800000000)
  region size 4096K, 19 young (77824K), 3 survivors (12288K)
 Metaspace       used 37853K, committed 38272K, reserved 1114112K
  class space    used 4181K, committed 4352K, reserved 1048576K
}
Event: 7.433 GC heap after
{Heap after GC invocations=17 (full 0):
 garbage-first heap   total 274432K, used 135307K [0x0000000607800000, 0x0000000800000000)
  region size 4096K, 1 young (4096K), 1 survivors (4096K)
 Metaspace       used 37853K, committed 38272K, reserved 1114112K
  class space    used 4181K, committed 4352K, reserved 1048576K
}
Event: 7.612 GC heap before
{Heap before GC invocations=17 (full 0):
 garbage-first heap   total 274432K, used 200843K [0x0000000607800000, 0x0000000800000000)
  region size 4096K, 17 young (69632K), 1 survivors (4096K)
 Metaspace       used 38132K, committed 38592K, reserved 1114112K
  class space    used 4220K, committed 4416K, reserved 1048576K
}
Event: 7.614 GC heap after
{Heap after GC invocations=18 (full 0):
 garbage-first heap   total 274432K, used 134898K [0x0000000607800000, 0x0000000800000000)
  region size 4096K, 1 young (4096K), 1 survivors (4096K)
 Metaspace       used 38132K, committed 38592K, reserved 1114112K
  class space    used 4220K, committed 4416K, reserved 1048576K
}
Event: 7.723 GC heap before
{Heap before GC invocations=19 (full 0):
 garbage-first heap   total 274432K, used 208626K [0x0000000607800000, 0x0000000800000000)
  region size 4096K, 19 young (77824K), 1 survivors (4096K)
 Metaspace       used 36204K, committed 37376K, reserved 1114112K
  class space    used 3987K, committed 4352K, reserved 1048576K
}
Event: 7.725 GC heap after
{Heap after GC invocations=20 (full 0):
 garbage-first heap   total 274432K, used 136571K [0x0000000607800000, 0x0000000800000000)
  region size 4096K, 1 young (4096K), 1 survivors (4096K)
 Metaspace       used 36204K, committed 37376K, reserved 1114112K
  class space    used 3987K, committed 4352K, reserved 1048576K
}
Event: 7.733 GC heap before
{Heap before GC invocations=20 (full 0):
 garbage-first heap   total 274432K, used 144763K [0x0000000607800000, 0x0000000800000000)
  region size 4096K, 3 young (12288K), 1 survivors (4096K)
 Metaspace       used 36209K, committed 37376K, reserved 1114112K
  class space    used 3987K, committed 4352K, reserved 1048576K
}
Event: 7.736 GC heap after
{Heap after GC invocations=21 (full 0):
 garbage-first heap   total 274432K, used 105973K [0x0000000607800000, 0x0000000800000000)
  region size 4096K, 1 young (4096K), 1 survivors (4096K)
 Metaspace       used 36209K, committed 37376K, reserved 1114112K
  class space    used 3987K, committed 4352K, reserved 1048576K
}
Event: 7.743 GC heap before
{Heap before GC invocations=21 (full 0):
 garbage-first heap   total 274432K, used 114165K [0x0000000607800000, 0x0000000800000000)
  region size 4096K, 3 young (12288K), 1 survivors (4096K)
 Metaspace       used 36217K, committed 37376K, reserved 1114112K
  class space    used 3987K, committed 4352K, reserved 1048576K
}
Event: 7.747 GC heap after
{Heap after GC invocations=22 (full 0):
 garbage-first heap   total 548864K, used 97403K [0x0000000607800000, 0x0000000800000000)
  region size 4096K, 1 young (4096K), 1 survivors (4096K)
 Metaspace       used 36217K, committed 37376K, reserved 1114112K
  class space    used 3987K, committed 4352K, reserved 1048576K
}
Event: 8.020 GC heap before
{Heap before GC invocations=22 (full 0):
 garbage-first heap   total 548864K, used 380027K [0x0000000607800000, 0x0000000800000000)
  region size 4096K, 70 young (286720K), 1 survivors (4096K)
 Metaspace       used 36326K, committed 37376K, reserved 1114112K
  class space    used 3993K, committed 4352K, reserved 1048576K
}
Event: 8.023 GC heap after
{Heap after GC invocations=23 (full 0):
 garbage-first heap   total 548864K, used 103493K [0x0000000607800000, 0x0000000800000000)
  region size 4096K, 3 young (12288K), 3 survivors (12288K)
 Metaspace       used 36326K, committed 37376K, reserved 1114112K
  class space    used 3993K, committed 4352K, reserved 1048576K
}
Event: 8.180 GC heap before
{Heap before GC invocations=23 (full 0):
 garbage-first heap   total 548864K, used 406597K [0x0000000607800000, 0x0000000800000000)
  region size 4096K, 77 young (315392K), 3 survivors (12288K)
 Metaspace       used 36335K, committed 37376K, reserved 1114112K
  class space    used 3993K, committed 4352K, reserved 1048576K
}
Event: 8.184 GC heap after
{Heap after GC invocations=24 (full 0):
 garbage-first heap   total 548864K, used 109652K [0x0000000607800000, 0x0000000800000000)
  region size 4096K, 4 young (16384K), 4 survivors (16384K)
 Metaspace       used 36335K, committed 37376K, reserved 1114112K
  class space    used 3993K, committed 4352K, reserved 1048576K
}
Event: 8.352 GC heap before
{Heap before GC invocations=24 (full 0):
 garbage-first heap   total 548864K, used 420948K [0x0000000607800000, 0x0000000800000000)
  region size 4096K, 80 young (327680K), 4 survivors (16384K)
 Metaspace       used 36356K, committed 37376K, reserved 1114112K
  class space    used 3995K, committed 4352K, reserved 1048576K
}
Event: 8.357 GC heap after
{Heap after GC invocations=25 (full 0):
 garbage-first heap   total 548864K, used 116807K [0x0000000607800000, 0x0000000800000000)
  region size 4096K, 6 young (24576K), 6 survivors (24576K)
 Metaspace       used 36356K, committed 37376K, reserved 1114112K
  class space    used 3995K, committed 4352K, reserved 1048576K
}
Event: 8.502 GC heap before
{Heap before GC invocations=25 (full 0):
 garbage-first heap   total 548864K, used 419911K [0x0000000607800000, 0x0000000800000000)
  region size 4096K, 80 young (327680K), 6 survivors (24576K)
 Metaspace       used 36379K, committed 37376K, reserved 1114112K
  class space    used 3995K, committed 4352K, reserved 1048576K
}

