# JRE version: Java(TM) SE Runtime Environment (17.0.12+8) (build 17.0.12+8-LTS-286)
# Java VM: Java HotSpot(TM) 64-Bit Server VM (17.0.12+8-LTS-286, mixed mode, sharing, tiered, compressed oops, compressed class ptrs, g1 gc, windows-amd64)
GC Precious Log:
 CPUs: 20 total, 20 available
 Memory: 32285M
 Large Page Support: Disabled
 NUMA Support: Disabled
 Compressed Oops: Enabled (Zero based)
 Heap Region Size: 4M
 Heap Min Capacity: 8M
 Heap Initial Capacity: 508M
 Heap Max Capacity: 8072M
 Pre-touch: Disabled
 Parallel Workers: 15
 Concurrent Workers: 4
 Concurrent Refinement Workers: 15
 Periodic GC: Disabled
Heap:
 garbage-first heap   total 917504K, used 318907K [0x0000000607800000, 0x0000000800000000)
  region size 4096K, 10 young (40960K), 10 survivors (40960K)
 Metaspace       used 44512K, committed 44992K, reserved 1114112K
  class space    used 4753K, committed 4992K, reserved 1048576K
GC Heap History (20 events):
Event: 17.693 GC heap after
{Heap after GC invocations=37 (full 0):
 garbage-first heap   total 761856K, used 267798K [0x0000000607800000, 0x0000000800000000)
  region size 4096K, 2 young (8192K), 2 survivors (8192K)
 Metaspace       used 43384K, committed 43968K, reserved 1114112K
  class space    used 4673K, committed 4928K, reserved 1048576K
}
Event: 17.903 GC heap before
{Heap before GC invocations=37 (full 0):
 garbage-first heap   total 761856K, used 599574K [0x0000000607800000, 0x0000000800000000)
  region size 4096K, 83 young (339968K), 2 survivors (8192K)
 Metaspace       used 43388K, committed 43968K, reserved 1114112K
  class space    used 4673K, committed 4928K, reserved 1048576K
}
Event: 17.906 GC heap after
{Heap after GC invocations=38 (full 0):
 garbage-first heap   total 761856K, used 270736K [0x0000000607800000, 0x0000000800000000)
  region size 4096K, 2 young (8192K), 2 survivors (8192K)
 Metaspace       used 43388K, committed 43968K, reserved 1114112K
  class space    used 4673K, committed 4928K, reserved 1048576K
}
Event: 18.139 GC heap before
{Heap before GC invocations=38 (full 0):
 garbage-first heap   total 761856K, used 614800K [0x0000000607800000, 0x0000000800000000)
  region size 4096K, 86 young (352256K), 2 survivors (8192K)
 Metaspace       used 43523K, committed 44160K, reserved 1114112K
  class space    used 4692K, committed 4992K, reserved 1048576K
}
Event: 18.143 GC heap after
{Heap after GC invocations=39 (full 0):
 garbage-first heap   total 761856K, used 274877K [0x0000000607800000, 0x0000000800000000)
  region size 4096K, 3 young (12288K), 3 survivors (12288K)
 Metaspace       used 43523K, committed 44160K, reserved 1114112K
  class space    used 4692K, committed 4992K, reserved 1048576K
}
Event: 18.318 GC heap before
{Heap before GC invocations=39 (full 0):
 garbage-first heap   total 761856K, used 623037K [0x0000000607800000, 0x0000000800000000)
  region size 4096K, 88 young (360448K), 3 survivors (12288K)
 Metaspace       used 43587K, committed 44160K, reserved 1114112K
  class space    used 4692K, committed 4992K, reserved 1048576K
}
Event: 18.322 GC heap after
{Heap after GC invocations=40 (full 0):
 garbage-first heap   total 761856K, used 279944K [0x0000000607800000, 0x0000000800000000)
  region size 4096K, 5 young (20480K), 5 survivors (20480K)
 Metaspace       used 43587K, committed 44160K, reserved 1114112K
  class space    used 4692K, committed 4992K, reserved 1048576K
}
Event: 18.514 GC heap before
{Heap before GC invocations=40 (full 0):
 garbage-first heap   total 761856K, used 628104K [0x0000000607800000, 0x0000000800000000)
  region size 4096K, 90 young (368640K), 5 survivors (20480K)
 Metaspace       used 43604K, committed 44224K, reserved 1114112K
  class space    used 4692K, committed 4992K, reserved 1048576K
}
Event: 18.519 GC heap after
{Heap after GC invocations=41 (full 0):
 garbage-first heap   total 761856K, used 285556K [0x0000000607800000, 0x0000000800000000)
  region size 4096K, 6 young (24576K), 6 survivors (24576K)
 Metaspace       used 43604K, committed 44224K, reserved 1114112K
  class space    used 4692K, committed 4992K, reserved 1048576K
}
Event: 18.684 GC heap before
{Heap before GC invocations=41 (full 0):
 garbage-first heap   total 761856K, used 637812K [0x0000000607800000, 0x0000000800000000)
  region size 4096K, 92 young (376832K), 6 survivors (24576K)
 Metaspace       used 43624K, committed 44224K, reserved 1114112K
  class space    used 4692K, committed 4992K, reserved 1048576K
}
Event: 18.694 GC heap after
{Heap after GC invocations=42 (full 0):
 garbage-first heap   total 761856K, used 290107K [0x0000000607800000, 0x0000000800000000)
  region size 4096K, 7 young (28672K), 7 survivors (28672K)
 Metaspace       used 43624K, committed 44224K, reserved 1114112K
  class space    used 4692K, committed 4992K, reserved 1048576K
}
Event: 18.856 GC heap before
{Heap before GC invocations=42 (full 0):
 garbage-first heap   total 761856K, used 642363K [0x0000000607800000, 0x0000000800000000)
  region size 4096K, 93 young (380928K), 7 survivors (28672K)
 Metaspace       used 43644K, committed 44288K, reserved 1114112K
  class space    used 4693K, committed 4992K, reserved 1048576K
}
Event: 18.870 GC heap after
{Heap after GC invocations=43 (full 0):
 garbage-first heap   total 917504K, used 296104K [0x0000000607800000, 0x0000000800000000)
  region size 4096K, 8 young (32768K), 8 survivors (32768K)
 Metaspace       used 43644K, committed 44288K, reserved 1114112K
  class space    used 4693K, committed 4992K, reserved 1048576K
}
Event: 19.234 GC heap before
{Heap before GC invocations=43 (full 0):
 garbage-first heap   total 917504K, used 775336K [0x0000000607800000, 0x0000000800000000)
  region size 4096K, 124 young (507904K), 8 survivors (32768K)
 Metaspace       used 43698K, committed 44288K, reserved 1114112K
  class space    used 4696K, committed 4992K, reserved 1048576K
}
Event: 19.244 GC heap after
{Heap after GC invocations=44 (full 0):
 garbage-first heap   total 917504K, used 302332K [0x0000000607800000, 0x0000000800000000)
  region size 4096K, 8 young (32768K), 8 survivors (32768K)
 Metaspace       used 43698K, committed 44288K, reserved 1114112K
  class space    used 4696K, committed 4992K, reserved 1048576K
}
Event: 19.786 GC heap before
{Heap before GC invocations=44 (full 0):
 garbage-first heap   total 917504K, used 785660K [0x0000000607800000, 0x0000000800000000)
  region size 4096K, 126 young (516096K), 8 survivors (32768K)
 Metaspace       used 43713K, committed 44288K, reserved 1114112K
  class space    used 4697K, committed 4992K, reserved 1048576K
}
Event: 19.802 GC heap after
{Heap after GC invocations=45 (full 0):
 garbage-first heap   total 917504K, used 313481K [0x0000000607800000, 0x0000000800000000)
  region size 4096K, 11 young (45056K), 11 survivors (45056K)
 Metaspace       used 43713K, committed 44288K, reserved 1114112K
  class space    used 4697K, committed 4992K, reserved 1048576K
}
Event: 20.240 GC heap before
{Heap before GC invocations=45 (full 0):
 garbage-first heap   total 917504K, used 772233K [0x0000000607800000, 0x0000000800000000)
  region size 4096K, 123 young (503808K), 11 survivors (45056K)
 Metaspace       used 43748K, committed 44352K, reserved 1114112K
  class space    used 4697K, committed 4992K, reserved 1048576K
}
Event: 20.258 GC heap after
{Heap after GC invocations=46 (full 0):
 garbage-first heap   total 917504K, used 315386K [0x0000000607800000, 0x0000000800000000)
  region size 4096K, 9 young (36864K), 9 survivors (36864K)
 Metaspace       used 43748K, committed 44352K, reserved 1114112K
  class space    used 4697K, committed 4992K, reserved 1048576K
}
Event: 21.728 GC heap before
{Heap before GC invocations=46 (full 0):
 garbage-first heap   total 917504K, used 782330K [0x0000000607800000, 0x0000000800000000)
  region size 4096K, 123 young (503808K), 9 survivors (36864K)
 Metaspace       used 44512K, committed 44992K, reserved 1114112K
  class space    used 4753K, committed 4992K, reserved 1048576K
}

