# JRE version: Java(TM) SE Runtime Environment (17.0.12+8) (build 17.0.12+8-LTS-286)
# Java VM: Java HotSpot(TM) 64-Bit Server VM (17.0.12+8-LTS-286, mixed mode, emulated-client, sharing, tiered, compressed oops, compressed class ptrs, g1 gc, windows-amd64)
GC Precious Log:
 CPUs: 20 total, 20 available
 Memory: 32285M
 Large Page Support: Disabled
 NUMA Support: Disabled
 Compressed Oops: Enabled (Zero based)
 Heap Region Size: 4M
 Heap Min Capacity: 8M
 Heap Initial Capacity: 508M
 Heap Max Capacity: 8072M
 Pre-touch: Disabled
 Parallel Workers: 15
 Concurrent Workers: 4
 Concurrent Refinement Workers: 15
 Periodic GC: Disabled
Heap:
 garbage-first heap   total 266240K, used 161826K [0x0000000607800000, 0x0000000800000000)
  region size 4096K, 20 young (81920K), 4 survivors (16384K)
 Metaspace       used 97972K, committed 99200K, reserved 1179648K
  class space    used 12988K, committed 13568K, reserved 1048576K
GC Heap History (20 events):
Event: 4.511 GC heap before
{Heap before GC invocations=18 (full 0):
 garbage-first heap   total 184320K, used 144969K [0x0000000607800000, 0x0000000800000000)
  region size 4096K, 25 young (102400K), 3 survivors (12288K)
 Metaspace       used 63639K, committed 64064K, reserved 1114112K
  class space    used 8676K, committed 8896K, reserved 1048576K
}
Event: 4.515 GC heap after
{Heap after GC invocations=19 (full 0):
 garbage-first heap   total 184320K, used 58705K [0x0000000607800000, 0x0000000800000000)
  region size 4096K, 3 young (12288K), 3 survivors (12288K)
 Metaspace       used 63639K, committed 64064K, reserved 1114112K
  class space    used 8676K, committed 8896K, reserved 1048576K
}
Event: 4.770 GC heap before
{Heap before GC invocations=19 (full 0):
 garbage-first heap   total 184320K, used 144721K [0x0000000607800000, 0x0000000800000000)
  region size 4096K, 24 young (98304K), 3 survivors (12288K)
 Metaspace       used 66457K, committed 66880K, reserved 1114112K
  class space    used 9009K, committed 9216K, reserved 1048576K
}
Event: 4.776 GC heap after
{Heap after GC invocations=20 (full 0):
 garbage-first heap   total 184320K, used 61980K [0x0000000607800000, 0x0000000800000000)
  region size 4096K, 3 young (12288K), 3 survivors (12288K)
 Metaspace       used 66457K, committed 66880K, reserved 1114112K
  class space    used 9009K, committed 9216K, reserved 1048576K
}
Event: 5.047 GC heap before
{Heap before GC invocations=20 (full 0):
 garbage-first heap   total 184320K, used 143900K [0x0000000607800000, 0x0000000800000000)
  region size 4096K, 23 young (94208K), 3 survivors (12288K)
 Metaspace       used 70917K, committed 71360K, reserved 1114112K
  class space    used 9580K, committed 9792K, reserved 1048576K
}
Event: 5.052 GC heap after
{Heap after GC invocations=21 (full 0):
 garbage-first heap   total 221184K, used 64368K [0x0000000607800000, 0x0000000800000000)
  region size 4096K, 2 young (8192K), 2 survivors (8192K)
 Metaspace       used 70917K, committed 71360K, reserved 1114112K
  class space    used 9580K, committed 9792K, reserved 1048576K
}
Event: 5.329 GC heap before
{Heap before GC invocations=21 (full 0):
 garbage-first heap   total 221184K, used 179056K [0x0000000607800000, 0x0000000800000000)
  region size 4096K, 30 young (122880K), 2 survivors (8192K)
 Metaspace       used 72292K, committed 72704K, reserved 1114112K
  class space    used 9723K, committed 9920K, reserved 1048576K
}
Event: 5.333 GC heap after
{Heap after GC invocations=22 (full 0):
 garbage-first heap   total 221184K, used 67779K [0x0000000607800000, 0x0000000800000000)
  region size 4096K, 3 young (12288K), 3 survivors (12288K)
 Metaspace       used 72292K, committed 72704K, reserved 1114112K
  class space    used 9723K, committed 9920K, reserved 1048576K
}
Event: 5.612 GC heap before
{Heap before GC invocations=22 (full 0):
 garbage-first heap   total 221184K, used 174275K [0x0000000607800000, 0x0000000800000000)
  region size 4096K, 29 young (118784K), 3 survivors (12288K)
 Metaspace       used 73971K, committed 74432K, reserved 1114112K
  class space    used 9820K, committed 10048K, reserved 1048576K
}
Event: 5.616 GC heap after
{Heap after GC invocations=23 (full 0):
 garbage-first heap   total 221184K, used 71451K [0x0000000607800000, 0x0000000800000000)
  region size 4096K, 3 young (12288K), 3 survivors (12288K)
 Metaspace       used 73971K, committed 74432K, reserved 1114112K
  class space    used 9820K, committed 10048K, reserved 1048576K
}
Event: 5.900 GC heap before
{Heap before GC invocations=23 (full 0):
 garbage-first heap   total 221184K, used 177947K [0x0000000607800000, 0x0000000800000000)
  region size 4096K, 29 young (118784K), 3 survivors (12288K)
 Metaspace       used 75547K, committed 76032K, reserved 1179648K
  class space    used 9959K, committed 10176K, reserved 1048576K
}
Event: 5.905 GC heap after
{Heap after GC invocations=24 (full 0):
 garbage-first heap   total 221184K, used 79353K [0x0000000607800000, 0x0000000800000000)
  region size 4096K, 4 young (16384K), 4 survivors (16384K)
 Metaspace       used 75547K, committed 76032K, reserved 1179648K
  class space    used 9959K, committed 10176K, reserved 1048576K
}
Event: 6.216 GC heap before
{Heap before GC invocations=24 (full 0):
 garbage-first heap   total 221184K, used 173561K [0x0000000607800000, 0x0000000800000000)
  region size 4096K, 27 young (110592K), 4 survivors (16384K)
 Metaspace       used 77869K, committed 78336K, reserved 1179648K
  class space    used 10285K, committed 10496K, reserved 1048576K
}
Event: 6.223 GC heap after
{Heap after GC invocations=25 (full 0):
 garbage-first heap   total 266240K, used 82571K [0x0000000607800000, 0x0000000800000000)
  region size 4096K, 3 young (12288K), 3 survivors (12288K)
 Metaspace       used 77869K, committed 78336K, reserved 1179648K
  class space    used 10285K, committed 10496K, reserved 1048576K
}
Event: 6.681 GC heap before
{Heap before GC invocations=25 (full 0):
 garbage-first heap   total 266240K, used 213643K [0x0000000607800000, 0x0000000800000000)
  region size 4096K, 35 young (143360K), 3 survivors (12288K)
 Metaspace       used 81642K, committed 82240K, reserved 1179648K
  class space    used 10832K, committed 11136K, reserved 1048576K
}
Event: 6.688 GC heap after
{Heap after GC invocations=26 (full 0):
 garbage-first heap   total 266240K, used 88680K [0x0000000607800000, 0x0000000800000000)
  region size 4096K, 3 young (12288K), 3 survivors (12288K)
 Metaspace       used 81642K, committed 82240K, reserved 1179648K
  class space    used 10832K, committed 11136K, reserved 1048576K
}
Event: 8.391 GC heap before
{Heap before GC invocations=26 (full 0):
 garbage-first heap   total 266240K, used 207464K [0x0000000607800000, 0x0000000800000000)
  region size 4096K, 33 young (135168K), 3 survivors (12288K)
 Metaspace       used 90137K, committed 90752K, reserved 1179648K
  class space    used 11903K, committed 12224K, reserved 1048576K
}
Event: 8.402 GC heap after
{Heap after GC invocations=27 (full 0):
 garbage-first heap   total 266240K, used 98297K [0x0000000607800000, 0x0000000800000000)
  region size 4096K, 5 young (20480K), 5 survivors (20480K)
 Metaspace       used 90137K, committed 90752K, reserved 1179648K
  class space    used 11903K, committed 12224K, reserved 1048576K
}
Event: 37.406 GC heap before
{Heap before GC invocations=27 (full 0):
 garbage-first heap   total 266240K, used 212985K [0x0000000607800000, 0x0000000800000000)
  region size 4096K, 33 young (135168K), 5 survivors (20480K)
 Metaspace       used 95496K, committed 96448K, reserved 1179648K
  class space    used 12603K, committed 13056K, reserved 1048576K
}
Event: 37.413 GC heap after
{Heap after GC invocations=28 (full 0):
 garbage-first heap   total 266240K, used 100386K [0x0000000607800000, 0x0000000800000000)
  region size 4096K, 4 young (16384K), 4 survivors (16384K)
 Metaspace       used 95496K, committed 96448K, reserved 1179648K
  class space    used 12603K, committed 13056K, reserved 1048576K
}

